<?xml version="1.0" encoding="UTF-8"?>
<!-- Generated by org.testng.reporters.JUnitReportReporter -->
<testsuite skipped="0" hostname="vicky-PC" name="com.qa.runner.NewCheckingPageRunner" tests="1" failures="0" timestamp="22 Jun 2020 07:15:59 GMT" time="102.423" errors="0">
  <testcase name="feature" time="102.423" classname="com.qa.runner.NewCheckingPageRunner"/>
</testsuite> <!-- com.qa.runner.NewCheckingPageRunner -->
