<?xml version="1.0" encoding="UTF-8"?>
<!-- Generated by org.testng.reporters.JUnitReportReporter -->
<testsuite skipped="0" hostname="vicky-PC" name="com.qa.runner.AddNewCheckingRunner" tests="1" failures="0" timestamp="12 Jun 2020 06:56:53 GMT" time="24.392" errors="0">
  <testcase name="feature" time="24.392" classname="com.qa.runner.AddNewCheckingRunner"/>
</testsuite> <!-- com.qa.runner.AddNewCheckingRunner -->
