<?xml version="1.0" encoding="UTF-8"?>
<!-- Generated by org.testng.reporters.JUnitReportReporter -->
<testsuite skipped="0" hostname="vicky-PC" name="com.qa.runner.LoginPageRunner" tests="1" failures="0" timestamp="11 Jun 2020 14:51:36 GMT" time="17.657" errors="0">
  <testcase name="feature" time="17.657" classname="com.qa.runner.LoginPageRunner"/>
</testsuite> <!-- com.qa.runner.LoginPageRunner -->
