<?xml version="1.0" encoding="UTF-8"?>
<!-- Generated by org.testng.reporters.JUnitReportReporter -->
<testsuite skipped="0" hostname="vicky-PC" name="com.qa.runner.NewSavingsPageRunner" tests="1" failures="0" timestamp="22 Jun 2020 10:52:11 GMT" time="126.315" errors="0">
  <testcase name="feature" time="126.315" classname="com.qa.runner.NewSavingsPageRunner"/>
</testsuite> <!-- com.qa.runner.NewSavingsPageRunner -->
