<?xml version="1.0" encoding="UTF-8"?>
<!-- Generated by org.testng.reporters.JUnitReportReporter -->
<testsuite skipped="0" hostname="vicky-PC" name="com.qa.runner.LoginPageRunner" tests="1" failures="0" timestamp="22 Jun 2020 07:15:59 GMT" time="39.533" errors="0">
  <testcase name="feature" time="39.533" classname="com.qa.runner.LoginPageRunner"/>
</testsuite> <!-- com.qa.runner.LoginPageRunner -->
