<?xml version="1.0" encoding="UTF-8"?>
<!-- Generated by org.testng.reporters.JUnitReportReporter -->
<testsuite skipped="0" hostname="vicky-PC" name="com.qa.runner.LoginPageRunner" tests="1" failures="0" timestamp="12 Jun 2020 05:17:59 GMT" time="16.880" errors="0">
  <testcase name="feature" time="16.880" classname="com.qa.runner.LoginPageRunner"/>
</testsuite> <!-- com.qa.runner.LoginPageRunner -->
